{"total": {"lines":{"total":1692,"covered":1610,"skipped":0,"pct":95.15},"statements":{"total":1692,"covered":1610,"skipped":0,"pct":95.15},"functions":{"total":95,"covered":92,"skipped":0,"pct":96.84},"branches":{"total":320,"covered":298,"skipped":0,"pct":93.12},"branchesTrue":{"total":0,"covered":0,"skipped":0,"pct":100}}
,"/Users/T962120/Telus/sia/sia-copilot/src/components/animated-content.tsx": {"lines":{"total":18,"covered":18,"skipped":0,"pct":100},"functions":{"total":1,"covered":1,"skipped":0,"pct":100},"statements":{"total":18,"covered":18,"skipped":0,"pct":100},"branches":{"total":8,"covered":8,"skipped":0,"pct":100}}
,"/Users/T962120/Telus/sia/sia-copilot/src/components/button.tsx": {"lines":{"total":80,"covered":80,"skipped":0,"pct":100},"functions":{"total":1,"covered":1,"skipped":0,"pct":100},"statements":{"total":80,"covered":80,"skipped":0,"pct":100},"branches":{"total":1,"covered":1,"skipped":0,"pct":100}}
,"/Users/T962120/Telus/sia/sia-copilot/src/components/chat-header.tsx": {"lines":{"total":18,"covered":18,"skipped":0,"pct":100},"functions":{"total":1,"covered":1,"skipped":0,"pct":100},"statements":{"total":18,"covered":18,"skipped":0,"pct":100},"branches":{"total":1,"covered":1,"skipped":0,"pct":100}}
,"/Users/T962120/Telus/sia/sia-copilot/src/components/feedback.tsx": {"lines":{"total":160,"covered":136,"skipped":0,"pct":85},"functions":{"total":7,"covered":6,"skipped":0,"pct":85.71},"statements":{"total":160,"covered":136,"skipped":0,"pct":85},"branches":{"total":18,"covered":15,"skipped":0,"pct":83.33}}
,"/Users/T962120/Telus/sia/sia-copilot/src/components/message.tsx": {"lines":{"total":108,"covered":104,"skipped":0,"pct":96.29},"functions":{"total":4,"covered":4,"skipped":0,"pct":100},"statements":{"total":108,"covered":104,"skipped":0,"pct":96.29},"branches":{"total":18,"covered":17,"skipped":0,"pct":94.44}}
,"/Users/T962120/Telus/sia/sia-copilot/src/components/messages.tsx": {"lines":{"total":23,"covered":17,"skipped":0,"pct":73.91},"functions":{"total":1,"covered":1,"skipped":0,"pct":100},"statements":{"total":23,"covered":17,"skipped":0,"pct":73.91},"branches":{"total":6,"covered":6,"skipped":0,"pct":100}}
,"/Users/T962120/Telus/sia/sia-copilot/src/components/multimodal-input.tsx": {"lines":{"total":119,"covered":114,"skipped":0,"pct":95.79},"functions":{"total":8,"covered":8,"skipped":0,"pct":100},"statements":{"total":119,"covered":114,"skipped":0,"pct":95.79},"branches":{"total":16,"covered":15,"skipped":0,"pct":93.75}}
,"/Users/T962120/Telus/sia/sia-copilot/src/components/new-chat-button.tsx": {"lines":{"total":15,"covered":15,"skipped":0,"pct":100},"functions":{"total":2,"covered":2,"skipped":0,"pct":100},"statements":{"total":15,"covered":15,"skipped":0,"pct":100},"branches":{"total":2,"covered":2,"skipped":0,"pct":100}}
,"/Users/T962120/Telus/sia/sia-copilot/src/components/overview.tsx": {"lines":{"total":16,"covered":16,"skipped":0,"pct":100},"functions":{"total":1,"covered":1,"skipped":0,"pct":100},"statements":{"total":16,"covered":16,"skipped":0,"pct":100},"branches":{"total":1,"covered":1,"skipped":0,"pct":100}}
,"/Users/T962120/Telus/sia/sia-copilot/src/components/sidebar.tsx": {"lines":{"total":78,"covered":76,"skipped":0,"pct":97.43},"functions":{"total":3,"covered":3,"skipped":0,"pct":100},"statements":{"total":78,"covered":76,"skipped":0,"pct":97.43},"branches":{"total":22,"covered":20,"skipped":0,"pct":90.9}}
,"/Users/T962120/Telus/sia/sia-copilot/src/components/suggestions.tsx": {"lines":{"total":71,"covered":71,"skipped":0,"pct":100},"functions":{"total":4,"covered":2,"skipped":0,"pct":50},"statements":{"total":71,"covered":71,"skipped":0,"pct":100},"branches":{"total":4,"covered":4,"skipped":0,"pct":100}}
,"/Users/T962120/Telus/sia/sia-copilot/src/components/textarea.tsx": {"lines":{"total":15,"covered":15,"skipped":0,"pct":100},"functions":{"total":0,"covered":0,"skipped":0,"pct":100},"statements":{"total":15,"covered":15,"skipped":0,"pct":100},"branches":{"total":1,"covered":1,"skipped":0,"pct":100}}
,"/Users/T962120/Telus/sia/sia-copilot/src/components/forms/input.tsx": {"lines":{"total":20,"covered":20,"skipped":0,"pct":100},"functions":{"total":1,"covered":1,"skipped":0,"pct":100},"statements":{"total":20,"covered":20,"skipped":0,"pct":100},"branches":{"total":3,"covered":3,"skipped":0,"pct":100}}
,"/Users/T962120/Telus/sia/sia-copilot/src/components/forms/label.tsx": {"lines":{"total":14,"covered":14,"skipped":0,"pct":100},"functions":{"total":1,"covered":1,"skipped":0,"pct":100},"statements":{"total":14,"covered":14,"skipped":0,"pct":100},"branches":{"total":2,"covered":2,"skipped":0,"pct":100}}
,"/Users/T962120/Telus/sia/sia-copilot/src/components/forms/select.tsx": {"lines":{"total":24,"covered":24,"skipped":0,"pct":100},"functions":{"total":1,"covered":1,"skipped":0,"pct":100},"statements":{"total":24,"covered":24,"skipped":0,"pct":100},"branches":{"total":4,"covered":4,"skipped":0,"pct":100}}
,"/Users/T962120/Telus/sia/sia-copilot/src/components/forms/textarea.tsx": {"lines":{"total":19,"covered":19,"skipped":0,"pct":100},"functions":{"total":1,"covered":1,"skipped":0,"pct":100},"statements":{"total":19,"covered":19,"skipped":0,"pct":100},"branches":{"total":3,"covered":3,"skipped":0,"pct":100}}
,"/Users/T962120/Telus/sia/sia-copilot/src/components/ui/dialog.tsx": {"lines":{"total":65,"covered":65,"skipped":0,"pct":100},"functions":{"total":6,"covered":6,"skipped":0,"pct":100},"statements":{"total":65,"covered":65,"skipped":0,"pct":100},"branches":{"total":6,"covered":6,"skipped":0,"pct":100}}
,"/Users/T962120/Telus/sia/sia-copilot/src/hooks/use-chats.ts": {"lines":{"total":12,"covered":12,"skipped":0,"pct":100},"functions":{"total":2,"covered":2,"skipped":0,"pct":100},"statements":{"total":12,"covered":12,"skipped":0,"pct":100},"branches":{"total":3,"covered":3,"skipped":0,"pct":100}}
,"/Users/T962120/Telus/sia/sia-copilot/src/hooks/use-feedback.ts": {"lines":{"total":16,"covered":16,"skipped":0,"pct":100},"functions":{"total":2,"covered":2,"skipped":0,"pct":100},"statements":{"total":16,"covered":16,"skipped":0,"pct":100},"branches":{"total":3,"covered":3,"skipped":0,"pct":100}}
,"/Users/T962120/Telus/sia/sia-copilot/src/hooks/use-scroll-to-bottom.ts": {"lines":{"total":23,"covered":22,"skipped":0,"pct":95.65},"functions":{"total":1,"covered":1,"skipped":0,"pct":100},"statements":{"total":23,"covered":22,"skipped":0,"pct":95.65},"branches":{"total":3,"covered":3,"skipped":0,"pct":100}}
,"/Users/T962120/Telus/sia/sia-copilot/src/providers/sidebar.provider.tsx": {"lines":{"total":29,"covered":29,"skipped":0,"pct":100},"functions":{"total":6,"covered":6,"skipped":0,"pct":100},"statements":{"total":29,"covered":29,"skipped":0,"pct":100},"branches":{"total":12,"covered":12,"skipped":0,"pct":100}}
,"/Users/T962120/Telus/sia/sia-copilot/src/services/embedder.ts": {"lines":{"total":29,"covered":29,"skipped":0,"pct":100},"functions":{"total":4,"covered":4,"skipped":0,"pct":100},"statements":{"total":29,"covered":29,"skipped":0,"pct":100},"branches":{"total":10,"covered":10,"skipped":0,"pct":100}}
,"/Users/T962120/Telus/sia/sia-copilot/src/services/file-processing.ts": {"lines":{"total":199,"covered":165,"skipped":0,"pct":82.91},"functions":{"total":6,"covered":6,"skipped":0,"pct":100},"statements":{"total":199,"covered":165,"skipped":0,"pct":82.91},"branches":{"total":41,"covered":31,"skipped":0,"pct":75.6}}
,"/Users/T962120/Telus/sia/sia-copilot/src/services/github-file-tracker.ts": {"lines":{"total":91,"covered":91,"skipped":0,"pct":100},"functions":{"total":6,"covered":6,"skipped":0,"pct":100},"statements":{"total":91,"covered":91,"skipped":0,"pct":100},"branches":{"total":27,"covered":26,"skipped":0,"pct":96.29}}
,"/Users/T962120/Telus/sia/sia-copilot/src/services/github.ts": {"lines":{"total":132,"covered":128,"skipped":0,"pct":96.96},"functions":{"total":9,"covered":9,"skipped":0,"pct":100},"statements":{"total":132,"covered":128,"skipped":0,"pct":96.96},"branches":{"total":27,"covered":25,"skipped":0,"pct":92.59}}
,"/Users/T962120/Telus/sia/sia-copilot/src/services/slack.ts": {"lines":{"total":22,"covered":22,"skipped":0,"pct":100},"functions":{"total":4,"covered":4,"skipped":0,"pct":100},"statements":{"total":22,"covered":22,"skipped":0,"pct":100},"branches":{"total":4,"covered":4,"skipped":0,"pct":100}}
,"/Users/T962120/Telus/sia/sia-copilot/src/services/user.ts": {"lines":{"total":17,"covered":17,"skipped":0,"pct":100},"functions":{"total":1,"covered":1,"skipped":0,"pct":100},"statements":{"total":17,"covered":17,"skipped":0,"pct":100},"branches":{"total":3,"covered":3,"skipped":0,"pct":100}}
,"/Users/T962120/Telus/sia/sia-copilot/src/utils/convert-to-ui-messages.ts": {"lines":{"total":87,"covered":86,"skipped":0,"pct":98.85},"functions":{"total":2,"covered":2,"skipped":0,"pct":100},"statements":{"total":87,"covered":86,"skipped":0,"pct":98.85},"branches":{"total":24,"covered":23,"skipped":0,"pct":95.83}}
,"/Users/T962120/Telus/sia/sia-copilot/src/utils/generate-id.ts": {"lines":{"total":4,"covered":4,"skipped":0,"pct":100},"functions":{"total":1,"covered":1,"skipped":0,"pct":100},"statements":{"total":4,"covered":4,"skipped":0,"pct":100},"branches":{"total":1,"covered":1,"skipped":0,"pct":100}}
,"/Users/T962120/Telus/sia/sia-copilot/src/utils/generate-title-from-user-message.ts": {"lines":{"total":13,"covered":13,"skipped":0,"pct":100},"functions":{"total":1,"covered":1,"skipped":0,"pct":100},"statements":{"total":13,"covered":13,"skipped":0,"pct":100},"branches":{"total":2,"covered":2,"skipped":0,"pct":100}}
,"/Users/T962120/Telus/sia/sia-copilot/src/utils/get-most-recent-message.ts": {"lines":{"total":4,"covered":4,"skipped":0,"pct":100},"functions":{"total":1,"covered":1,"skipped":0,"pct":100},"statements":{"total":4,"covered":4,"skipped":0,"pct":100},"branches":{"total":2,"covered":2,"skipped":0,"pct":100}}
,"/Users/T962120/Telus/sia/sia-copilot/src/utils/sanitize-response-messages.ts": {"lines":{"total":35,"covered":34,"skipped":0,"pct":97.14},"functions":{"total":1,"covered":1,"skipped":0,"pct":100},"statements":{"total":35,"covered":34,"skipped":0,"pct":97.14},"branches":{"total":14,"covered":13,"skipped":0,"pct":92.85}}
,"/Users/T962120/Telus/sia/sia-copilot/src/utils/sanitize-ui-messages.ts": {"lines":{"total":30,"covered":30,"skipped":0,"pct":100},"functions":{"total":1,"covered":1,"skipped":0,"pct":100},"statements":{"total":30,"covered":30,"skipped":0,"pct":100},"branches":{"total":16,"covered":16,"skipped":0,"pct":100}}
,"/Users/T962120/Telus/sia/sia-copilot/src/validations/feedback.ts": {"lines":{"total":6,"covered":6,"skipped":0,"pct":100},"functions":{"total":0,"covered":0,"skipped":0,"pct":100},"statements":{"total":6,"covered":6,"skipped":0,"pct":100},"branches":{"total":0,"covered":0,"skipped":0,"pct":100}}
,"/Users/T962120/Telus/sia/sia-copilot/src/workflows/sync-github-repos.ts": {"lines":{"total":80,"covered":80,"skipped":0,"pct":100},"functions":{"total":4,"covered":4,"skipped":0,"pct":100},"statements":{"total":80,"covered":80,"skipped":0,"pct":100},"branches":{"total":12,"covered":12,"skipped":0,"pct":100}}
}
